Determining if the Q_WS_WIN exist failed with the following output:
Change Dir: /home/brickbit/robocomp/components/mycomponents/bug/build/CMakeFiles/CMakeTmp

Run Build Command:"/usr/bin/make" "cmTC_ed58b/fast"
/usr/bin/make -f CMakeFiles/cmTC_ed58b.dir/build.make CMakeFiles/cmTC_ed58b.dir/build
make[1]: se entra en el directorio '/home/brickbit/robocomp/components/mycomponents/bug/build/CMakeFiles/CMakeTmp'
Building CXX object CMakeFiles/cmTC_ed58b.dir/CheckSymbolExists.cxx.o
/usr/bin/c++   -I/usr/include/qt4   -o CMakeFiles/cmTC_ed58b.dir/CheckSymbolExists.cxx.o -c /home/brickbit/robocomp/components/mycomponents/bug/build/CMakeFiles/CMakeTmp/CheckSymbolExists.cxx
/home/brickbit/robocomp/components/mycomponents/bug/build/CMakeFiles/CMakeTmp/CheckSymbolExists.cxx: In function ‘int main(int, char**)’:
/home/brickbit/robocomp/components/mycomponents/bug/build/CMakeFiles/CMakeTmp/CheckSymbolExists.cxx:8:19: error: ‘Q_WS_WIN’ was not declared in this scope
   return ((int*)(&Q_WS_WIN))[argc];
                   ^~~~~~~~
/home/brickbit/robocomp/components/mycomponents/bug/build/CMakeFiles/CMakeTmp/CheckSymbolExists.cxx:8:19: note: suggested alternative: ‘Q_WS_X11’
   return ((int*)(&Q_WS_WIN))[argc];
                   ^~~~~~~~
                   Q_WS_X11
CMakeFiles/cmTC_ed58b.dir/build.make:65: recipe for target 'CMakeFiles/cmTC_ed58b.dir/CheckSymbolExists.cxx.o' failed
make[1]: *** [CMakeFiles/cmTC_ed58b.dir/CheckSymbolExists.cxx.o] Error 1
make[1]: se sale del directorio '/home/brickbit/robocomp/components/mycomponents/bug/build/CMakeFiles/CMakeTmp'
Makefile:126: recipe for target 'cmTC_ed58b/fast' failed
make: *** [cmTC_ed58b/fast] Error 2

File /home/brickbit/robocomp/components/mycomponents/bug/build/CMakeFiles/CMakeTmp/CheckSymbolExists.cxx:
/* */
#include <QtCore/qglobal.h>

int main(int argc, char** argv)
{
  (void)argv;
#ifndef Q_WS_WIN
  return ((int*)(&Q_WS_WIN))[argc];
#else
  (void)argc;
  return 0;
#endif
}

Determining if the Q_WS_QWS exist failed with the following output:
Change Dir: /home/brickbit/robocomp/components/mycomponents/bug/build/CMakeFiles/CMakeTmp

Run Build Command:"/usr/bin/make" "cmTC_24614/fast"
/usr/bin/make -f CMakeFiles/cmTC_24614.dir/build.make CMakeFiles/cmTC_24614.dir/build
make[1]: se entra en el directorio '/home/brickbit/robocomp/components/mycomponents/bug/build/CMakeFiles/CMakeTmp'
Building CXX object CMakeFiles/cmTC_24614.dir/CheckSymbolExists.cxx.o
/usr/bin/c++   -I/usr/include/qt4   -o CMakeFiles/cmTC_24614.dir/CheckSymbolExists.cxx.o -c /home/brickbit/robocomp/components/mycomponents/bug/build/CMakeFiles/CMakeTmp/CheckSymbolExists.cxx
/home/brickbit/robocomp/components/mycomponents/bug/build/CMakeFiles/CMakeTmp/CheckSymbolExists.cxx: In function ‘int main(int, char**)’:
/home/brickbit/robocomp/components/mycomponents/bug/build/CMakeFiles/CMakeTmp/CheckSymbolExists.cxx:8:19: error: ‘Q_WS_QWS’ was not declared in this scope
   return ((int*)(&Q_WS_QWS))[argc];
                   ^~~~~~~~
/home/brickbit/robocomp/components/mycomponents/bug/build/CMakeFiles/CMakeTmp/CheckSymbolExists.cxx:8:19: note: suggested alternative: ‘Q_WS_X11’
   return ((int*)(&Q_WS_QWS))[argc];
                   ^~~~~~~~
                   Q_WS_X11
CMakeFiles/cmTC_24614.dir/build.make:65: recipe for target 'CMakeFiles/cmTC_24614.dir/CheckSymbolExists.cxx.o' failed
make[1]: *** [CMakeFiles/cmTC_24614.dir/CheckSymbolExists.cxx.o] Error 1
make[1]: se sale del directorio '/home/brickbit/robocomp/components/mycomponents/bug/build/CMakeFiles/CMakeTmp'
Makefile:126: recipe for target 'cmTC_24614/fast' failed
make: *** [cmTC_24614/fast] Error 2

File /home/brickbit/robocomp/components/mycomponents/bug/build/CMakeFiles/CMakeTmp/CheckSymbolExists.cxx:
/* */
#include <QtCore/qglobal.h>

int main(int argc, char** argv)
{
  (void)argv;
#ifndef Q_WS_QWS
  return ((int*)(&Q_WS_QWS))[argc];
#else
  (void)argc;
  return 0;
#endif
}

Determining if the Q_WS_MAC exist failed with the following output:
Change Dir: /home/brickbit/robocomp/components/mycomponents/bug/build/CMakeFiles/CMakeTmp

Run Build Command:"/usr/bin/make" "cmTC_e246e/fast"
/usr/bin/make -f CMakeFiles/cmTC_e246e.dir/build.make CMakeFiles/cmTC_e246e.dir/build
make[1]: se entra en el directorio '/home/brickbit/robocomp/components/mycomponents/bug/build/CMakeFiles/CMakeTmp'
Building CXX object CMakeFiles/cmTC_e246e.dir/CheckSymbolExists.cxx.o
/usr/bin/c++   -I/usr/include/qt4   -o CMakeFiles/cmTC_e246e.dir/CheckSymbolExists.cxx.o -c /home/brickbit/robocomp/components/mycomponents/bug/build/CMakeFiles/CMakeTmp/CheckSymbolExists.cxx
/home/brickbit/robocomp/components/mycomponents/bug/build/CMakeFiles/CMakeTmp/CheckSymbolExists.cxx: In function ‘int main(int, char**)’:
/home/brickbit/robocomp/components/mycomponents/bug/build/CMakeFiles/CMakeTmp/CheckSymbolExists.cxx:8:19: error: ‘Q_WS_MAC’ was not declared in this scope
   return ((int*)(&Q_WS_MAC))[argc];
                   ^~~~~~~~
/home/brickbit/robocomp/components/mycomponents/bug/build/CMakeFiles/CMakeTmp/CheckSymbolExists.cxx:8:19: note: suggested alternative: ‘Q_WS_X11’
   return ((int*)(&Q_WS_MAC))[argc];
                   ^~~~~~~~
                   Q_WS_X11
CMakeFiles/cmTC_e246e.dir/build.make:65: recipe for target 'CMakeFiles/cmTC_e246e.dir/CheckSymbolExists.cxx.o' failed
make[1]: *** [CMakeFiles/cmTC_e246e.dir/CheckSymbolExists.cxx.o] Error 1
make[1]: se sale del directorio '/home/brickbit/robocomp/components/mycomponents/bug/build/CMakeFiles/CMakeTmp'
Makefile:126: recipe for target 'cmTC_e246e/fast' failed
make: *** [cmTC_e246e/fast] Error 2

File /home/brickbit/robocomp/components/mycomponents/bug/build/CMakeFiles/CMakeTmp/CheckSymbolExists.cxx:
/* */
#include <QtCore/qglobal.h>

int main(int argc, char** argv)
{
  (void)argv;
#ifndef Q_WS_MAC
  return ((int*)(&Q_WS_MAC))[argc];
#else
  (void)argc;
  return 0;
#endif
}

Determining if the pthread_create exist failed with the following output:
Change Dir: /home/brickbit/robocomp/components/mycomponents/bug/build/CMakeFiles/CMakeTmp

Run Build Command:"/usr/bin/make" "cmTC_9c3a7/fast"
/usr/bin/make -f CMakeFiles/cmTC_9c3a7.dir/build.make CMakeFiles/cmTC_9c3a7.dir/build
make[1]: se entra en el directorio '/home/brickbit/robocomp/components/mycomponents/bug/build/CMakeFiles/CMakeTmp'
Building C object CMakeFiles/cmTC_9c3a7.dir/CheckSymbolExists.c.o
/usr/bin/cc    -o CMakeFiles/cmTC_9c3a7.dir/CheckSymbolExists.c.o   -c /home/brickbit/robocomp/components/mycomponents/bug/build/CMakeFiles/CMakeTmp/CheckSymbolExists.c
Linking C executable cmTC_9c3a7
/usr/bin/cmake -E cmake_link_script CMakeFiles/cmTC_9c3a7.dir/link.txt --verbose=1
/usr/bin/cc      -rdynamic CMakeFiles/cmTC_9c3a7.dir/CheckSymbolExists.c.o  -o cmTC_9c3a7 
CMakeFiles/cmTC_9c3a7.dir/CheckSymbolExists.c.o: En la función `main':
CheckSymbolExists.c:(.text+0x1b): referencia a `pthread_create' sin definir
collect2: error: ld returned 1 exit status
CMakeFiles/cmTC_9c3a7.dir/build.make:97: recipe for target 'cmTC_9c3a7' failed
make[1]: *** [cmTC_9c3a7] Error 1
make[1]: se sale del directorio '/home/brickbit/robocomp/components/mycomponents/bug/build/CMakeFiles/CMakeTmp'
Makefile:126: recipe for target 'cmTC_9c3a7/fast' failed
make: *** [cmTC_9c3a7/fast] Error 2

File /home/brickbit/robocomp/components/mycomponents/bug/build/CMakeFiles/CMakeTmp/CheckSymbolExists.c:
/* */
#include <pthread.h>

int main(int argc, char** argv)
{
  (void)argv;
#ifndef pthread_create
  return ((int*)(&pthread_create))[argc];
#else
  (void)argc;
  return 0;
#endif
}

Determining if the function pthread_create exists in the pthreads failed with the following output:
Change Dir: /home/brickbit/robocomp/components/mycomponents/bug/build/CMakeFiles/CMakeTmp

Run Build Command:"/usr/bin/make" "cmTC_204a7/fast"
/usr/bin/make -f CMakeFiles/cmTC_204a7.dir/build.make CMakeFiles/cmTC_204a7.dir/build
make[1]: se entra en el directorio '/home/brickbit/robocomp/components/mycomponents/bug/build/CMakeFiles/CMakeTmp'
Building C object CMakeFiles/cmTC_204a7.dir/CheckFunctionExists.c.o
/usr/bin/cc   -DCHECK_FUNCTION_EXISTS=pthread_create   -o CMakeFiles/cmTC_204a7.dir/CheckFunctionExists.c.o   -c /usr/share/cmake-3.10/Modules/CheckFunctionExists.c
Linking C executable cmTC_204a7
/usr/bin/cmake -E cmake_link_script CMakeFiles/cmTC_204a7.dir/link.txt --verbose=1
/usr/bin/cc  -DCHECK_FUNCTION_EXISTS=pthread_create    -rdynamic CMakeFiles/cmTC_204a7.dir/CheckFunctionExists.c.o  -o cmTC_204a7 -lpthreads 
/usr/bin/x86_64-linux-gnu-ld: no se puede encontrar -lpthreads
collect2: error: ld returned 1 exit status
CMakeFiles/cmTC_204a7.dir/build.make:97: recipe for target 'cmTC_204a7' failed
make[1]: *** [cmTC_204a7] Error 1
make[1]: se sale del directorio '/home/brickbit/robocomp/components/mycomponents/bug/build/CMakeFiles/CMakeTmp'
Makefile:126: recipe for target 'cmTC_204a7/fast' failed
make: *** [cmTC_204a7/fast] Error 2


